\standalonepreambles
\subpreamble{"Chapter 2".tex}
\usepackage {amsmath,amssymb,amsfonts,amsthm}\usepackage {enumitem}\usepackage {fancyhdr}\usepackage {tikz-cd}\usepackage {mathabx}\usepackage {geometry}\usepackage {color}\usepackage {natbib}\usepackage {braket}\usepackage {graphicx}\usepackage {hyperref}\usepackage {listings}\usepackage {kiritsis}\geometry {margin = 0.5in}
\endsubpreamble
\subpreamble{"Chapter 3".tex}
\usepackage {amsmath,amssymb,amsfonts,amsthm}\usepackage {enumitem}\usepackage {fancyhdr}\usepackage {tikz-cd}\usepackage {mathabx}\usepackage {geometry}\usepackage {color}\usepackage {natbib}\usepackage {braket}\usepackage {graphicx}\usepackage {hyperref}\usepackage {cancel}\usepackage {listings}\usepackage {kiritsis}\geometry {margin = 0.5in}
\endsubpreamble
\subpreamble{"Chapter 4".tex}
\usepackage {amsmath,amssymb,amsfonts,amsthm}\usepackage {enumitem}\usepackage {fancyhdr}\usepackage {tikz-cd}\usepackage {mathabx}\usepackage {geometry}\usepackage {color}\usepackage {natbib}\usepackage {braket}\usepackage {graphicx}\usepackage {simpler-wick}\usepackage {hyperref}\usepackage {cancel}\usepackage {listings}\usepackage {relsize}\usepackage {stmaryrd}\usepackage {kiritsis}\geometry {margin = 0.5in}
\endsubpreamble
\subpreamble{"Chapter 5".tex}
\usepackage {amsmath,amssymb,amsfonts,amsthm}\usepackage {enumitem}\usepackage {fancyhdr}\usepackage {tikz-cd}\usepackage {mathabx}\usepackage {geometry}\usepackage {natbib}\usepackage {braket}\usepackage {graphicx}\usepackage {simpler-wick}\usepackage {hyperref}\usepackage {cancel}\usepackage {listings}\usepackage {relsize}\usepackage {xcolor}\usepackage {stmaryrd}\usepackage {kiritsis}\geometry {margin = 0.5in}
\endsubpreamble
\subpreamble{"Chapter 6".tex}
\usepackage {amsmath,amssymb,amsfonts,amsthm}\usepackage {enumitem}\usepackage {fancyhdr}\usepackage {tikz-cd}\usepackage {mathabx}\usepackage {geometry}\usepackage {natbib}\usepackage {braket}\usepackage {graphicx}\usepackage {simpler-wick}\usepackage {hyperref}\usepackage {cancel}\usepackage {listings}\usepackage {relsize}\usepackage {xcolor}\usepackage {stmaryrd}\usepackage {tikz-feynman}\usepackage {kiritsis}\geometry {margin = 0.5in}
\endsubpreamble
\subpreamble{"Chapter 7".tex}
\usepackage {amsmath,amssymb,amsfonts,amsthm}\usepackage {enumitem}\usepackage {fancyhdr}\usepackage {tikz-cd}\usepackage {mathabx}\usepackage {geometry}\usepackage {natbib}\usepackage {braket}\usepackage {graphicx}\usepackage {simpler-wick}\usepackage {hyperref}\usepackage {ytableau}\usepackage {cancel}\usepackage {listings}\usepackage {relsize}\usepackage {xcolor}\usepackage {stmaryrd}\usepackage {tikz-feynman}\usepackage {kiritsis}\geometry {margin = 0.5in}
\endsubpreamble
\subpreamble{"Chapter 8".tex}
\usepackage {amsmath,amssymb,amsfonts,amsthm}\usepackage {enumitem}\usepackage {fancyhdr}\usepackage {tikz-cd}\usepackage {mathabx}\usepackage {geometry}\usepackage {natbib}\usepackage {braket}\usepackage {graphicx}\usepackage {simpler-wick}\usepackage {hyperref}\usepackage {ytableau}\usepackage {cancel}\usepackage {listings}\usepackage {relsize}\usepackage {xcolor}\usepackage {stmaryrd}\usepackage {slashed}\usepackage {tikz-feynman}\usepackage {kiritsis}\geometry {margin = 0.5in}
\endsubpreamble
\subpreamble{"Chapter 9".tex}
\usepackage {amsmath,amssymb,amsfonts,amsthm}\usepackage {enumitem}\usepackage {fancyhdr}\usepackage {tikz-cd}\usepackage {mathabx}\usepackage {geometry}\usepackage {natbib}\usepackage {braket}\usepackage {graphicx}\usepackage {simpler-wick}\usepackage {hyperref}\usepackage {ytableau}\usepackage {cancel}\usepackage {listings}\usepackage {relsize}\usepackage {xcolor}\usepackage {stmaryrd}\usepackage {slashed}\usepackage {tikz-feynman}\usepackage {kiritsis}\geometry {margin = 0.5in}
\endsubpreamble
\subpreamble{"Chapter 10".tex}
\usepackage {amsmath,amssymb,amsfonts,amsthm}\usepackage {enumitem}\usepackage {fancyhdr}\usepackage {tikz-cd}\usepackage {mathabx}\usepackage {geometry}\usepackage {natbib}\usepackage {braket}\usepackage {graphicx}\usepackage {simpler-wick}\usepackage {hyperref}\usepackage {ytableau}\usepackage {cancel}\usepackage {listings}\usepackage {relsize}\usepackage {xcolor}\usepackage {stmaryrd}\usepackage {slashed}\usepackage {tikz-feynman}\usepackage {kiritsis}\geometry {margin = 0.5in}
\endsubpreamble
\subpreamble{"Chapter 11".tex}
\usepackage {amsmath,amssymb,amsfonts,amsthm}\usepackage {enumitem}\usepackage {fancyhdr}\usepackage {tikz-cd}\usepackage {mathabx}\usepackage {geometry}\usepackage {natbib}\usepackage {braket}\usepackage {graphicx}\usepackage {simpler-wick}\usepackage {hyperref}\usepackage {ytableau}\usepackage {cancel}\usepackage {listings}\usepackage {relsize}\usepackage {xcolor}\usepackage {stmaryrd}\usepackage {slashed}\usepackage {tikz-feynman}\usepackage {kiritsis}\geometry {margin = 0.5in}
\endsubpreamble
\subpreamble{"Chapter 12".tex}
\usepackage {amsmath,amssymb,amsfonts,amsthm}\usepackage {enumitem}\usepackage {fancyhdr}\usepackage {tikz-cd}\usepackage {mathabx}\usepackage {geometry}\usepackage {natbib}\usepackage {braket}\usepackage {graphicx}\usepackage {simpler-wick}\usepackage {hyperref}\usepackage {ytableau}\usepackage {cancel}\usepackage {listings}\usepackage {relsize}\usepackage {xcolor}\usepackage {stmaryrd}\usepackage {slashed}\usepackage {tikz-feynman}\usepackage {kiritsis}\geometry {margin = 0.5in}
\endsubpreamble
\subpreamble{"Chapter 13".tex}
\usepackage {amsmath,amssymb,amsfonts,amsthm}\usepackage {enumitem}\usepackage {fancyhdr}\usepackage {tikz-cd}\usepackage {mathabx}\usepackage {geometry}\usepackage {natbib}\usepackage {braket}\usepackage {graphicx}\usepackage {simpler-wick}\usepackage {hyperref}\usepackage {ytableau}\usepackage {cancel}\usepackage {listings}\usepackage {relsize}\usepackage {xcolor}\usepackage {stmaryrd}\usepackage {slashed}\usepackage {tikz-feynman}\usepackage {kiritsis}\geometry {margin = 0.5in}
\endsubpreamble
\subpreamble{"Chapter 14".tex}
\usepackage {amsmath,amssymb,amsfonts,amsthm}\usepackage {enumitem}\usepackage {fancyhdr}\usepackage {tikz-cd}\usepackage {mathabx}\usepackage {geometry}\usepackage {natbib}\usepackage {braket}\usepackage {graphicx}\usepackage {simpler-wick}\usepackage {hyperref}\usepackage {ytableau}\usepackage {cancel}\usepackage {listings}\usepackage {relsize}\usepackage {xcolor}\usepackage {stmaryrd}\usepackage {slashed}\usepackage {tikz-feynman}\usepackage {kiritsis}\geometry {margin = 0.5in}
\endsubpreamble
\subpreamble{"Chapter 15".tex}
\usepackage {amsmath,amssymb,amsfonts,amsthm}\usepackage {enumitem}\usepackage {fancyhdr}\usepackage {tikz-cd}\usepackage {mathabx}\usepackage {geometry}\usepackage {natbib}\usepackage {braket}\usepackage {graphicx}\usepackage {simpler-wick}\usepackage {hyperref}\usepackage {ytableau}\usepackage {cancel}\usepackage {listings}\usepackage {relsize}\usepackage {xcolor}\usepackage {stmaryrd}\usepackage {slashed}\usepackage {tikz-feynman}\usepackage {kiritsis}\geometry {margin = 0.5in}
\endsubpreamble
\subpreamble{"Chapter 16".tex}
\usepackage {amsmath,amssymb,amsfonts,amsthm}\usepackage {enumitem}\usepackage {fancyhdr}\usepackage {tikz-cd}\usepackage {mathabx}\usepackage {geometry}\usepackage {natbib}\usepackage {braket}\usepackage {graphicx}\usepackage {simpler-wick}\usepackage {hyperref}\usepackage {ytableau}\usepackage {cancel}\usepackage {listings}\usepackage {relsize}\usepackage {xcolor}\usepackage {stmaryrd}\usepackage {slashed}\usepackage {tikz-feynman}\usepackage {kiritsis}\geometry {margin = 0.5in}
\endsubpreamble
\endstandalonepreambles
